Build started 10.9.2013 16:28:27.
     1>Project "D:\H3340\harj6\harj6\harj6.vcxproj" on node 2 (Build target(s)).
     1>ClCompile:
         C:\Program Files (x86)\Microsoft Visual Studio 11.0\VC\bin\CL.exe /c /ZI /nologo /W3 /WX- /sdl /Od /Oy- /D WIN32 /D _DEBUG /D _CONSOLE /D _UNICODE /D UNICODE /Gm /EHsc /RTC1 /MDd /GS /fp:precise /Zc:wchar_t /Zc:forScope /Fo"Debug\\" /Fd"Debug\vc110.pdb" /Gd /TP /analyze- /errorReport:prompt harj6.cpp
         harj6.cpp
     1>d:\h3340\harj6\harj6\harj6.cpp(16): error C2181: illegal else without matching if
     1>Done Building Project "D:\H3340\harj6\harj6\harj6.vcxproj" (Build target(s)) -- FAILED.

Build FAILED.

Time Elapsed 00:00:00.52
